<?xml version="1.0" encoding="UTF-8"?>
<testng-results skipped="0" failed="0" total="1" passed="1">
  <reporter-output>
    <line>
      <![CDATA[Title is not matching]]>
    </line>
  </reporter-output>
  <suite name="Suite" duration-ms="20690" started-at="2018-03-21T02:02:35Z" finished-at="2018-03-21T02:02:55Z">
    <groups>
    </groups>
    <test name="Test1" duration-ms="20690" started-at="2018-03-21T02:02:35Z" finished-at="2018-03-21T02:02:55Z">
      <class name="hrma.scripts.TestScripts">
        <test-method status="PASS" signature="preCondition(java.lang.String)[pri:0, instance:hrma.scripts.TestScripts@2f686d1f]" name="preCondition" is-config="true" duration-ms="11644" started-at="2018-03-20T19:02:35Z" finished-at="2018-03-20T19:02:46Z">
          <params>
            <param index="0">
              <value>
                <![CDATA[firefox]]>
              </value>
            </param>
          </params>
          <reporter-output>
          </reporter-output>
        </test-method> <!-- preCondition -->
        <test-method status="PASS" signature="testCreateEmployee()[pri:0, instance:hrma.scripts.TestScripts@2f686d1f]" name="testCreateEmployee" duration-ms="8992" started-at="2018-03-20T19:02:46Z" finished-at="2018-03-20T19:02:55Z">
          <reporter-output>
            <line>
              <![CDATA[Title is not matching]]>
            </line>
          </reporter-output>
        </test-method> <!-- testCreateEmployee -->
        <test-method status="PASS" signature="postCondition()[pri:0, instance:hrma.scripts.TestScripts@2f686d1f]" name="postCondition" is-config="true" duration-ms="27" started-at="2018-03-20T19:02:55Z" finished-at="2018-03-20T19:02:55Z">
          <reporter-output>
          </reporter-output>
        </test-method> <!-- postCondition -->
      </class> <!-- hrma.scripts.TestScripts -->
    </test> <!-- Test1 -->
  </suite> <!-- Suite -->
</testng-results>
